<?xml version="1.0" encoding="UTF-8"?>
<testsuite xmlns:xsi="http://www.w3.org/2001/XMLSchema-instance" xsi:noNamespaceSchemaLocation="https://maven.apache.org/surefire/maven-surefire-plugin/xsd/surefire-test-report-3.0.xsd" version="3.0" name="com.luv2code.junitdemo.DemoUtilsTest" time="7.269" tests="9" errors="0" skipped="0" failures="0">
  <properties>
    <property name="java.specification.version" value="23"/>
    <property name="sun.cpu.isalist" value="amd64"/>
    <property name="sun.jnu.encoding" value="Cp1252"/>
    <property name="java.class.path" value="D:\Spring\19 spring boot testing\1.00-starting-project\target\test-classes;D:\Spring\19 spring boot testing\1.00-starting-project\target\classes;C:\Users\jaydeep.pampaniya\.m2\repository\org\junit\jupiter\junit-jupiter-api\5.12.0\junit-jupiter-api-5.12.0.jar;C:\Users\jaydeep.pampaniya\.m2\repository\org\opentest4j\opentest4j\1.3.0\opentest4j-1.3.0.jar;C:\Users\jaydeep.pampaniya\.m2\repository\org\junit\platform\junit-platform-commons\1.12.0\junit-platform-commons-1.12.0.jar;C:\Users\jaydeep.pampaniya\.m2\repository\org\apiguardian\apiguardian-api\1.1.2\apiguardian-api-1.1.2.jar;"/>
    <property name="java.vm.vendor" value="Oracle Corporation"/>
    <property name="sun.arch.data.model" value="64"/>
    <property name="user.variant" value=""/>
    <property name="java.vendor.url" value="https://java.oracle.com/"/>
    <property name="user.timezone" value="Asia/Calcutta"/>
    <property name="os.name" value="Windows 11"/>
    <property name="java.vm.specification.version" value="23"/>
    <property name="sun.java.launcher" value="SUN_STANDARD"/>
    <property name="user.country" value="US"/>
    <property name="sun.boot.library.path" value="C:\Users\jaydeep.pampaniya\.jdks\openjdk-23.0.2\bin"/>
    <property name="sun.java.command" value="C:\Users\jaydeep.pampaniya\AppData\Local\Temp\surefire17104964928777022932\surefirebooter-20250319122538783_3.jar C:\Users\jaydeep.pampaniya\AppData\Local\Temp\surefire17104964928777022932 2025-03-19T12-25-38_394-jvmRun1 surefire-20250319122538783_1tmp surefire_0-20250319122538783_2tmp"/>
    <property name="jdk.debug" value="release"/>
    <property name="surefire.test.class.path" value="D:\Spring\19 spring boot testing\1.00-starting-project\target\test-classes;D:\Spring\19 spring boot testing\1.00-starting-project\target\classes;C:\Users\jaydeep.pampaniya\.m2\repository\org\junit\jupiter\junit-jupiter-api\5.12.0\junit-jupiter-api-5.12.0.jar;C:\Users\jaydeep.pampaniya\.m2\repository\org\opentest4j\opentest4j\1.3.0\opentest4j-1.3.0.jar;C:\Users\jaydeep.pampaniya\.m2\repository\org\junit\platform\junit-platform-commons\1.12.0\junit-platform-commons-1.12.0.jar;C:\Users\jaydeep.pampaniya\.m2\repository\org\apiguardian\apiguardian-api\1.1.2\apiguardian-api-1.1.2.jar;"/>
    <property name="sun.cpu.endian" value="little"/>
    <property name="user.home" value="C:\Users\jaydeep.pampaniya"/>
    <property name="user.language" value="en"/>
    <property name="java.specification.vendor" value="Oracle Corporation"/>
    <property name="java.version.date" value="2025-01-21"/>
    <property name="java.home" value="C:\Users\jaydeep.pampaniya\.jdks\openjdk-23.0.2"/>
    <property name="file.separator" value="\"/>
    <property name="basedir" value="D:\Spring\19 spring boot testing\1.00-starting-project"/>
    <property name="java.vm.compressedOopsMode" value="Zero based"/>
    <property name="line.separator" value="&#10;"/>
    <property name="java.vm.specification.vendor" value="Oracle Corporation"/>
    <property name="java.specification.name" value="Java Platform API Specification"/>
    <property name="surefire.real.class.path" value="C:\Users\jaydeep.pampaniya\AppData\Local\Temp\surefire17104964928777022932\surefirebooter-20250319122538783_3.jar"/>
    <property name="user.script" value=""/>
    <property name="sun.management.compiler" value="HotSpot 64-Bit Tiered Compilers"/>
    <property name="java.runtime.version" value="23.0.2+7-58"/>
    <property name="user.name" value="Jaydeep.Pampaniya"/>
    <property name="stdout.encoding" value="Cp1252"/>
    <property name="path.separator" value=";"/>
    <property name="os.version" value="10.0"/>
    <property name="java.runtime.name" value="OpenJDK Runtime Environment"/>
    <property name="file.encoding" value="UTF-8"/>
    <property name="java.vm.name" value="OpenJDK 64-Bit Server VM"/>
    <property name="localRepository" value="C:\Users\jaydeep.pampaniya\.m2\repository"/>
    <property name="java.vendor.url.bug" value="https://bugreport.java.com/bugreport/"/>
    <property name="java.io.tmpdir" value="C:\Users\JAYDEE~1.PAM\AppData\Local\Temp\"/>
    <property name="idea.version" value="2024.3.2"/>
    <property name="java.version" value="23.0.2"/>
    <property name="user.dir" value="D:\Spring\19 spring boot testing\1.00-starting-project"/>
    <property name="os.arch" value="amd64"/>
    <property name="java.vm.specification.name" value="Java Virtual Machine Specification"/>
    <property name="sun.os.patch.level" value=""/>
    <property name="native.encoding" value="Cp1252"/>
    <property name="java.library.path" value="C:\Users\jaydeep.pampaniya\.jdks\openjdk-23.0.2\bin;C:\Windows\Sun\Java\bin;C:\Windows\system32;C:\Windows;C:\Program Files\Common Files\Oracle\Java\javapath;C:\Windows\system32;C:\Windows;C:\Windows\System32\Wbem;C:\Windows\System32\WindowsPowerShell\v1.0\;C:\Windows\System32\OpenSSH\;C:\Program Files\Intel\WiFi\bin\;C:\Program Files\Common Files\Intel\WirelessCommon\;C:\Program Files\nodejs\;C:\Program Files\Common Files\Oracle\Java\javapath;C:\Windows\system32;C:\Windows;C:\Windows\System32\Wbem;C:\Windows\System32\WindowsPowerShell\v1.0\;C:\Windows\System32\OpenSSH\;C:\Program Files\Intel\WiFi\bin\;C:\Program Files\Common Files\Intel\WirelessCommon\;C:\Program Files\nodejs\;C:\Users\jaydeep.pampaniya\AppData\Local\Microsoft\WindowsApps;C:\Users\jaydeep.pampaniya\AppData\Local\Programs\Microsoft VS Code\bin;C:\Users\jaydeep.pampaniya\AppData\Roaming\npm;C:\Users\jaydeep.pampaniya\AppData\Local\Programs\Git\cmd;;."/>
    <property name="java.vm.info" value="mixed mode, sharing"/>
    <property name="stderr.encoding" value="Cp1252"/>
    <property name="java.vendor" value="Oracle Corporation"/>
    <property name="java.vm.version" value="23.0.2+7-58"/>
    <property name="sun.io.unicode.encoding" value="UnicodeLittle"/>
    <property name="java.class.version" value="67.0"/>
  </properties>
  <testcase name="testEqualAndNotEquals" classname="com.luv2code.junitdemo.DemoUtilsTest" time="0.076">
    <system-out><![CDATA[test for testForBeforeAll
test for testForBeforeEach
test for testEqualAndNotEquals
test for testForAfterEach
]]></system-out>
  </testcase>
  <testcase name="testNullAndNotNull" classname="com.luv2code.junitdemo.DemoUtilsTest" time="0.008">
    <system-out><![CDATA[test for testForBeforeEach
test for testNullAndNotNull
test for testForAfterEach
]]></system-out>
  </testcase>
  <testcase name="testTrueAndFalse" classname="com.luv2code.junitdemo.DemoUtilsTest" time="0.006">
    <system-out><![CDATA[test for testForBeforeEach
test for testForAfterEach
]]></system-out>
  </testcase>
  <testcase name="sameAndNotSameAssertion" classname="com.luv2code.junitdemo.DemoUtilsTest" time="0.008">
    <system-out><![CDATA[test for testForBeforeEach
test for testForAfterEach
]]></system-out>
  </testcase>
  <testcase name="testThrowAndDoesNotThrow" classname="com.luv2code.junitdemo.DemoUtilsTest" time="0.014">
    <system-out><![CDATA[test for testForBeforeEach
test for testForAfterEach
]]></system-out>
  </testcase>
  <testcase name="testTimeOut" classname="com.luv2code.junitdemo.DemoUtilsTest" time="7.03">
    <system-out><![CDATA[test for testForBeforeEach
I am going to sleep
Sleeping over
Sleeping over
test for testForAfterEach
]]></system-out>
  </testcase>
  <testcase name="testMathLine" classname="com.luv2code.junitdemo.DemoUtilsTest" time="0.014">
    <system-out><![CDATA[test for testForBeforeEach
test for testForAfterEach
]]></system-out>
  </testcase>
  <testcase name="testArrayIsEqual" classname="com.luv2code.junitdemo.DemoUtilsTest" time="0.01">
    <system-out><![CDATA[test for testForBeforeEach
test for testForAfterEach
]]></system-out>
  </testcase>
  <testcase name="testListIsEqual" classname="com.luv2code.junitdemo.DemoUtilsTest" time="0.006">
    <system-out><![CDATA[test for testForBeforeEach
test for testForAfterEach
]]></system-out>
  </testcase>
</testsuite>